<?xml version="1.0" encoding="UTF-8"?>
<testsuite xmlns:xsi="http://www.w3.org/2001/XMLSchema-instance" xsi:noNamespaceSchemaLocation="https://maven.apache.org/surefire/maven-surefire-plugin/xsd/surefire-test-report-3.0.xsd" version="3.0" name="za.co.bangoma.auth.AppConfigTest" time="1.158" tests="6" errors="0" skipped="0" failures="0">
  <properties>
[...]
</properties>
  <testcase name="testSingletonGetInstance" classname="za.co.bangoma.auth.AppConfigTest" time="0.015">
    <system-out><![CDATA[2025-11-05 08:59:38 [main] INFO  za.co.bangoma.auth.config.ConfigurationLogger - Starting configuration loading process
2025-11-05 08:59:38 [main] INFO  za.co.bangoma.auth.config.ConfigurationLogger - Configuration loaded successfully
2025-11-05 08:59:38 [main] INFO  za.co.bangoma.auth.config.ConfigurationLogger - Static files directory configured
2025-11-05 08:59:38 [main] INFO  za.co.bangoma.auth.config.ConfigurationLogger - Configuration complete, App ready on port 7071
2025-11-05 08:59:38 [main] INFO  za.co.bangoma.auth.config.ConfigurationLogger - Static files directory configured
2025-11-05 08:59:38 [main] INFO  za.co.bangoma.auth.config.ConfigurationLogger - Initialisation environment: TEST
2025-11-05 08:59:38 [main] INFO  za.co.bangoma.auth.service.UserService - Initialising database connection
Database file created: /home/runner/work/auth-page/auth-page/auth-project/auth-project/src/main/java/za/co/bangoma/auth/db/database.db
2025-11-05 08:59:38 [main] INFO  za.co.bangoma.auth.service.UserService - Database connection initialised successfully
2025-11-05 08:59:39 [main] INFO  za.co.bangoma.auth.config.ConfigurationLogger - Configuration complete, App ready on port 7071
]]></system-out>
    <system-err><![CDATA[[main] INFO io.javalin.Javalin - Starting Javalin ...
[main] INFO org.eclipse.jetty.server.Server - jetty-11.0.20; built: 2024-01-29T21:04:22.394Z; git: 922f8dc188f7011e60d0361de585fd4ac4d63064; jvm 17.0.17+10
[main] INFO org.eclipse.jetty.server.session.DefaultSessionIdManager - Session workerName=node0
[main] INFO org.eclipse.jetty.server.handler.ContextHandler - Started o.e.j.s.ServletContextHandler@7692cd34{/,null,AVAILABLE}
[main] INFO org.eclipse.jetty.server.AbstractConnector - Started ServerConnector@59fc684e{HTTP/1.1, (http/1.1)}{0.0.0.0:7071}
[main] INFO org.eclipse.jetty.server.Server - Started Server@5cc5b667{STARTING}[11.0.20,sto=0] @1538ms
[main] INFO io.javalin.Javalin - 
       __                  ___           _____
      / /___ __   ______ _/ (_)___      / ___/
 __  / / __ `/ | / / __ `/ / / __ \    / __ \
/ /_/ / /_/ /| |/ / /_/ / / / / / /   / /_/ /
\____/\__,_/ |___/\__,_/_/_/_/ /_/    \____/

       https://javalin.io/documentation

[main] INFO io.javalin.Javalin - Javalin started in 161ms \o/
[main] INFO io.javalin.Javalin - Static file handler added: StaticFileConfig(hostedPath=/, directory=/home/runner/work/auth-page/auth-page/auth-project/src/main/resources/static, location=EXTERNAL, precompress=false, aliasCheck=null, headers={Cache-Control=max-age=0}, skipFileFunction=Function1<jakarta.servlet.http.HttpServletRequest, java.lang.Boolean>, mimeTypes={}). File system location: '/home/runner/work/auth-page/auth-page/auth-project/src/main/resources/static'
[main] INFO io.javalin.Javalin - Listening on http://localhost:7071/
[main] INFO io.javalin.Javalin - You are running Javalin 6.1.3 (released March 2, 2024. Your Javalin version is 612 days old. Consider checking for a newer version.).
]]></system-err>
  </testcase>
  <testcase name="testIsRunningAfterServerStop" classname="za.co.bangoma.auth.AppConfigTest" time="0.008">
    <system-out><![CDATA[2025-11-05 08:59:39 [main] INFO  za.co.bangoma.auth.config.ConfigurationLogger - Server shutdown on port 7071
]]></system-out>
    <system-err><![CDATA[[main] INFO io.javalin.Javalin - Stopping Javalin ...
[main] INFO org.eclipse.jetty.server.Server - Stopped Server@5cc5b667{STOPPING}[11.0.20,sto=0]
[main] INFO org.eclipse.jetty.server.AbstractConnector - Stopped ServerConnector@59fc684e{HTTP/1.1, (http/1.1)}{0.0.0.0:7071}
[main] INFO org.eclipse.jetty.server.handler.ContextHandler - Stopped o.e.j.s.ServletContextHandler@7692cd34{/,null,STOPPED}
[main] INFO io.javalin.Javalin - Javalin has stopped
]]></system-err>
  </testcase>
  <testcase name="test_getInstance_returnsConsistentInstanceForSameEnvironment" classname="za.co.bangoma.auth.AppConfigTest" time="0.001"/>
  <testcase name="testSingletonWithDifferentEnvironments" classname="za.co.bangoma.auth.AppConfigTest" time="0.004">
    <system-out><![CDATA[2025-11-05 08:59:39 [main] INFO  za.co.bangoma.auth.config.ConfigurationLogger - Static files directory configured
2025-11-05 08:59:39 [main] INFO  za.co.bangoma.auth.config.ConfigurationLogger - Configuration complete, App ready on port 7072
2025-11-05 08:59:39 [main] INFO  za.co.bangoma.auth.config.ConfigurationLogger - Static files directory configured
2025-11-05 08:59:39 [main] INFO  za.co.bangoma.auth.config.ConfigurationLogger - Initialisation environment: INTEGRATION
]]></system-out>
  </testcase>
  <testcase name="testGetInstanceThrowsExceptionForNullEnvironment" classname="za.co.bangoma.auth.AppConfigTest" time="0.002"/>
  <testcase name="testServerIsRunningOnTestPort" classname="za.co.bangoma.auth.AppConfigTest" time="0.0"/>
</testsuite>